[2026-03-08 16:33:24,642: INFO: main: Welcome]
[2026-03-08 21:49:34,419: INFO: main: >>>>>> stage Data Ingestion stage started <<<<<<]
[2026-03-08 21:49:34,420: INFO: common: yaml file: config/config.yaml loaded successfully]
[2026-03-08 21:49:34,421: INFO: common: yaml file: params.yaml loaded successfully]
[2026-03-08 21:49:34,422: INFO: common: created directory at: artifacts]
[2026-03-08 21:49:34,422: INFO: common: created directory at: artifacts/data_ingestion]
[2026-03-08 21:49:34,422: INFO: data_ingestion: Downloading data from https://drive.google.com/file/d/191ZU2KRF5oVyi3ahqZRwY-h9XgxrAlWc/view?usp=share_link into file artifacts/data_ingestion/data.zip]
[2026-03-08 21:50:27,039: INFO: data_ingestion: Downloaded data from https://drive.google.com/file/d/191ZU2KRF5oVyi3ahqZRwY-h9XgxrAlWc/view?usp=share_link into file artifacts/data_ingestion/data.zip]
[2026-03-08 21:50:40,436: INFO: main: >>>>>> stage Data Ingestion stage completed <<<<<<

x==========x]
[2026-03-09 00:49:21,466: INFO: common: yaml file: config/config.yaml loaded successfully]
[2026-03-09 00:49:21,472: INFO: common: yaml file: params.yaml loaded successfully]
[2026-03-09 00:49:21,475: INFO: common: created directory at: artifacts]
[2026-03-09 00:49:21,476: INFO: common: created directory at: artifacts/prepare_base_model]
[2026-03-09 00:49:26,081: WARNING: saving_utils: Compiled the loaded model, but the compiled metrics have yet to be built. `model.compile_metrics` will be empty until you train or evaluate the model.]
[2026-03-09 00:49:26,388: WARNING: optimizer: At this time, the v2.11+ optimizer `tf.keras.optimizers.SGD` runs slowly on M1/M2 Macs, please use the legacy Keras optimizer instead, located at `tf.keras.optimizers.legacy.SGD`.]
[2026-03-09 00:59:13,301: INFO: main: >>>>>> stage Data Ingestion stage started <<<<<<]
[2026-03-09 00:59:13,302: INFO: common: yaml file: config/config.yaml loaded successfully]
[2026-03-09 00:59:13,303: INFO: common: yaml file: params.yaml loaded successfully]
[2026-03-09 00:59:13,304: INFO: common: created directory at: artifacts]
[2026-03-09 00:59:13,304: INFO: common: created directory at: artifacts/data_ingestion]
[2026-03-09 00:59:13,304: INFO: data_ingestion: Downloading data from https://drive.google.com/file/d/191ZU2KRF5oVyi3ahqZRwY-h9XgxrAlWc/view?usp=share_link into file artifacts/data_ingestion/data.zip]
[2026-03-09 01:00:11,848: INFO: data_ingestion: Downloaded data from https://drive.google.com/file/d/191ZU2KRF5oVyi3ahqZRwY-h9XgxrAlWc/view?usp=share_link into file artifacts/data_ingestion/data.zip]
[2026-03-09 01:00:25,728: INFO: main: >>>>>> stage Data Ingestion stage completed <<<<<<

x==========x]
[2026-03-09 01:00:25,729: INFO: main: *******************]
[2026-03-09 01:00:25,729: INFO: main: >>>>>> stage Prepare base model started <<<<<<]
[2026-03-09 01:00:25,731: INFO: common: yaml file: config/config.yaml loaded successfully]
[2026-03-09 01:00:25,733: INFO: common: yaml file: params.yaml loaded successfully]
[2026-03-09 01:00:25,735: INFO: common: created directory at: artifacts]
[2026-03-09 01:00:25,735: INFO: common: created directory at: artifacts/prepare_base_model]
[2026-03-09 01:00:28,454: WARNING: saving_utils: Compiled the loaded model, but the compiled metrics have yet to be built. `model.compile_metrics` will be empty until you train or evaluate the model.]
[2026-03-09 01:00:28,760: WARNING: optimizer: At this time, the v2.11+ optimizer `tf.keras.optimizers.SGD` runs slowly on M1/M2 Macs, please use the legacy Keras optimizer instead, located at `tf.keras.optimizers.legacy.SGD`.]
[2026-03-09 01:00:29,004: INFO: main: >>>>>> stage Prepare base model completed <<<<<<

x==========x]
[2026-03-09 01:31:26,110: INFO: common: yaml file: config/config.yaml loaded successfully]
[2026-03-09 01:31:26,117: INFO: common: yaml file: params.yaml loaded successfully]
[2026-03-09 01:31:26,122: INFO: common: created directory at: artifacts]
[2026-03-09 01:31:26,123: INFO: common: created directory at: artifacts/training]
[2026-03-09 01:31:28,436: WARNING: optimizer: At this time, the v2.11+ optimizer `tf.keras.optimizers.SGD` runs slowly on M1/M2 Macs, please use the legacy Keras optimizer instead, located at `tf.keras.optimizers.legacy.SGD`.]
[2026-03-09 01:36:06,595: INFO: common: yaml file: config/config.yaml loaded successfully]
[2026-03-09 01:36:06,599: INFO: common: yaml file: params.yaml loaded successfully]
[2026-03-09 01:36:06,604: INFO: common: created directory at: artifacts]
[2026-03-09 01:36:06,605: INFO: common: created directory at: artifacts/training]
[2026-03-09 01:36:07,843: WARNING: optimizer: At this time, the v2.11+ optimizer `tf.keras.optimizers.SGD` runs slowly on M1/M2 Macs, please use the legacy Keras optimizer instead, located at `tf.keras.optimizers.legacy.SGD`.]
[2026-03-09 01:37:39,848: INFO: common: yaml file: config/config.yaml loaded successfully]
[2026-03-09 01:37:39,852: INFO: common: yaml file: params.yaml loaded successfully]
[2026-03-09 01:37:39,854: INFO: common: created directory at: artifacts]
[2026-03-09 01:37:39,856: INFO: common: created directory at: artifacts/training]
[2026-03-09 01:37:41,070: WARNING: optimizer: At this time, the v2.11+ optimizer `tf.keras.optimizers.SGD` runs slowly on M1/M2 Macs, please use the legacy Keras optimizer instead, located at `tf.keras.optimizers.legacy.SGD`.]
[2026-03-09 15:35:46,336: INFO: main: >>>>>> stage Data Ingestion stage started <<<<<<]
[2026-03-09 15:35:46,337: INFO: common: yaml file: config/config.yaml loaded successfully]
[2026-03-09 15:35:46,339: INFO: common: yaml file: params.yaml loaded successfully]
[2026-03-09 15:35:46,340: INFO: common: created directory at: artifacts]
[2026-03-09 15:35:46,340: INFO: common: created directory at: artifacts/data_ingestion]
[2026-03-09 15:35:46,340: INFO: data_ingestion: Downloading data from https://drive.google.com/file/d/191ZU2KRF5oVyi3ahqZRwY-h9XgxrAlWc/view?usp=share_link into file artifacts/data_ingestion/data.zip]
[2026-03-09 15:36:53,249: INFO: data_ingestion: Downloaded data from https://drive.google.com/file/d/191ZU2KRF5oVyi3ahqZRwY-h9XgxrAlWc/view?usp=share_link into file artifacts/data_ingestion/data.zip]
[2026-03-09 15:37:03,885: INFO: main: >>>>>> stage Data Ingestion stage completed <<<<<<

x==========x]
[2026-03-09 15:37:03,885: INFO: main: *******************]
[2026-03-09 15:37:03,885: INFO: main: >>>>>> stage Prepare base model started <<<<<<]
[2026-03-09 15:37:03,886: INFO: common: yaml file: config/config.yaml loaded successfully]
[2026-03-09 15:37:03,888: INFO: common: yaml file: params.yaml loaded successfully]
[2026-03-09 15:37:03,889: INFO: common: created directory at: artifacts]
[2026-03-09 15:37:03,889: INFO: common: created directory at: artifacts/prepare_base_model]
[2026-03-09 15:37:05,964: WARNING: saving_utils: Compiled the loaded model, but the compiled metrics have yet to be built. `model.compile_metrics` will be empty until you train or evaluate the model.]
[2026-03-09 15:37:06,220: WARNING: optimizer: At this time, the v2.11+ optimizer `tf.keras.optimizers.Adam` runs slowly on M1/M2 Macs, please use the legacy Keras optimizer instead, located at `tf.keras.optimizers.legacy.Adam`.]
[2026-03-09 15:37:06,438: INFO: main: >>>>>> stage Prepare base model completed <<<<<<

x==========x]
[2026-03-09 15:37:06,438: INFO: main: *******************]
[2026-03-09 15:37:06,438: INFO: main: >>>>>> stage Training started <<<<<<]
[2026-03-09 15:37:06,439: INFO: common: yaml file: config/config.yaml loaded successfully]
[2026-03-09 15:37:06,439: INFO: common: yaml file: params.yaml loaded successfully]
[2026-03-09 15:37:06,439: INFO: common: created directory at: artifacts]
[2026-03-09 15:37:06,440: INFO: common: created directory at: artifacts/training]
[2026-03-09 15:37:07,208: WARNING: optimizer: At this time, the v2.11+ optimizer `tf.keras.optimizers.Adam` runs slowly on M1/M2 Macs, please use the legacy Keras optimizer instead, located at `tf.keras.optimizers.legacy.Adam`.]
[2026-03-09 16:37:53,080: INFO: main: >>>>>> stage Data Ingestion stage started <<<<<<]
[2026-03-09 16:37:53,081: INFO: common: yaml file: config/config.yaml loaded successfully]
[2026-03-09 16:37:53,082: INFO: common: yaml file: params.yaml loaded successfully]
[2026-03-09 16:37:53,083: INFO: common: created directory at: artifacts]
[2026-03-09 16:37:53,083: INFO: common: created directory at: artifacts/data_ingestion]
[2026-03-09 16:37:53,083: INFO: data_ingestion: Downloading data from https://drive.google.com/file/d/191ZU2KRF5oVyi3ahqZRwY-h9XgxrAlWc/view?usp=share_link into file artifacts/data_ingestion/data.zip]
[2026-03-09 16:38:56,003: INFO: data_ingestion: Downloaded data from https://drive.google.com/file/d/191ZU2KRF5oVyi3ahqZRwY-h9XgxrAlWc/view?usp=share_link into file artifacts/data_ingestion/data.zip]
[2026-03-09 16:39:08,913: INFO: main: >>>>>> stage Data Ingestion stage completed <<<<<<

x==========x]
[2026-03-09 16:39:08,914: INFO: main: *******************]
[2026-03-09 16:39:08,914: INFO: main: >>>>>> stage Prepare base model started <<<<<<]
[2026-03-09 16:39:08,915: INFO: common: yaml file: config/config.yaml loaded successfully]
[2026-03-09 16:39:08,915: INFO: common: yaml file: params.yaml loaded successfully]
[2026-03-09 16:39:08,916: INFO: common: created directory at: artifacts]
[2026-03-09 16:39:08,916: INFO: common: created directory at: artifacts/prepare_base_model]
[2026-03-09 16:39:10,658: WARNING: saving_utils: Compiled the loaded model, but the compiled metrics have yet to be built. `model.compile_metrics` will be empty until you train or evaluate the model.]
[2026-03-09 16:39:11,114: INFO: main: >>>>>> stage Prepare base model completed <<<<<<

x==========x]
[2026-03-09 16:39:11,114: INFO: main: *******************]
[2026-03-09 16:39:11,114: INFO: main: >>>>>> stage Training started <<<<<<]
[2026-03-09 16:39:11,116: INFO: common: yaml file: config/config.yaml loaded successfully]
[2026-03-09 16:39:11,117: INFO: common: yaml file: params.yaml loaded successfully]
[2026-03-09 16:39:11,117: INFO: common: created directory at: artifacts]
[2026-03-09 16:39:11,117: INFO: common: created directory at: artifacts/training]
[2026-03-09 16:58:19,540: INFO: main: >>>>>> stage Training completed <<<<<<

x==========x]
[2026-03-09 18:22:50,717: INFO: main: >>>>>> stage Data Ingestion stage started <<<<<<]
[2026-03-09 18:22:50,718: INFO: common: yaml file: config/config.yaml loaded successfully]
[2026-03-09 18:22:50,719: INFO: common: yaml file: params.yaml loaded successfully]
[2026-03-09 18:22:50,720: INFO: common: created directory at: artifacts]
[2026-03-09 18:22:50,720: INFO: common: created directory at: artifacts/data_ingestion]
[2026-03-09 18:22:50,720: INFO: data_ingestion: Downloading data from https://drive.google.com/file/d/191ZU2KRF5oVyi3ahqZRwY-h9XgxrAlWc/view?usp=share_link into file artifacts/data_ingestion/data.zip]
[2026-03-09 18:23:51,490: INFO: data_ingestion: Downloaded data from https://drive.google.com/file/d/191ZU2KRF5oVyi3ahqZRwY-h9XgxrAlWc/view?usp=share_link into file artifacts/data_ingestion/data.zip]
[2026-03-09 18:24:01,888: INFO: main: >>>>>> stage Data Ingestion stage completed <<<<<<

x==========x]
[2026-03-09 18:24:01,888: INFO: main: *******************]
[2026-03-09 18:24:01,888: INFO: main: >>>>>> stage Prepare base model started <<<<<<]
[2026-03-09 18:24:01,889: INFO: common: yaml file: config/config.yaml loaded successfully]
[2026-03-09 18:24:01,890: INFO: common: yaml file: params.yaml loaded successfully]
[2026-03-09 18:24:01,890: INFO: common: created directory at: artifacts]
[2026-03-09 18:24:01,890: INFO: common: created directory at: artifacts/prepare_base_model]
[2026-03-09 18:24:03,824: WARNING: saving_utils: Compiled the loaded model, but the compiled metrics have yet to be built. `model.compile_metrics` will be empty until you train or evaluate the model.]
[2026-03-09 18:24:04,303: INFO: main: >>>>>> stage Prepare base model completed <<<<<<

x==========x]
[2026-03-09 18:24:04,303: INFO: main: *******************]
[2026-03-09 18:24:04,303: INFO: main: >>>>>> stage Training started <<<<<<]
[2026-03-09 18:24:04,304: INFO: common: yaml file: config/config.yaml loaded successfully]
[2026-03-09 18:24:04,304: INFO: common: yaml file: params.yaml loaded successfully]
[2026-03-09 18:24:04,304: INFO: common: created directory at: artifacts]
[2026-03-09 18:24:04,305: INFO: common: created directory at: artifacts/training]
[2026-03-09 18:25:20,663: INFO: main: >>>>>> stage Data Ingestion stage started <<<<<<]
[2026-03-09 18:25:20,664: INFO: common: yaml file: config/config.yaml loaded successfully]
[2026-03-09 18:25:20,665: INFO: common: yaml file: params.yaml loaded successfully]
[2026-03-09 18:25:20,666: INFO: common: created directory at: artifacts]
[2026-03-09 18:25:20,666: INFO: common: created directory at: artifacts/data_ingestion]
[2026-03-09 18:25:20,666: INFO: data_ingestion: Downloading data from https://drive.google.com/file/d/191ZU2KRF5oVyi3ahqZRwY-h9XgxrAlWc/view?usp=share_link into file artifacts/data_ingestion/data.zip]
[2026-03-09 18:26:29,271: INFO: data_ingestion: Downloaded data from https://drive.google.com/file/d/191ZU2KRF5oVyi3ahqZRwY-h9XgxrAlWc/view?usp=share_link into file artifacts/data_ingestion/data.zip]
[2026-03-09 18:26:39,598: INFO: main: >>>>>> stage Data Ingestion stage completed <<<<<<

x==========x]
[2026-03-09 18:26:39,598: INFO: main: *******************]
[2026-03-09 18:26:39,598: INFO: main: >>>>>> stage Prepare base model started <<<<<<]
[2026-03-09 18:26:39,600: INFO: common: yaml file: config/config.yaml loaded successfully]
[2026-03-09 18:26:39,603: INFO: common: yaml file: params.yaml loaded successfully]
[2026-03-09 18:26:39,604: INFO: common: created directory at: artifacts]
[2026-03-09 18:26:39,604: INFO: common: created directory at: artifacts/prepare_base_model]
[2026-03-09 18:26:41,572: WARNING: saving_utils: Compiled the loaded model, but the compiled metrics have yet to be built. `model.compile_metrics` will be empty until you train or evaluate the model.]
[2026-03-09 18:26:42,124: INFO: main: >>>>>> stage Prepare base model completed <<<<<<

x==========x]
[2026-03-09 18:26:42,124: INFO: main: *******************]
[2026-03-09 18:26:42,124: INFO: main: >>>>>> stage Training started <<<<<<]
[2026-03-09 18:26:42,124: INFO: common: yaml file: config/config.yaml loaded successfully]
[2026-03-09 18:26:42,125: INFO: common: yaml file: params.yaml loaded successfully]
[2026-03-09 18:26:42,125: INFO: common: created directory at: artifacts]
[2026-03-09 18:26:42,125: INFO: common: created directory at: artifacts/training]
[2026-03-09 18:33:43,213: INFO: main: >>>>>> stage Data Ingestion stage started <<<<<<]
[2026-03-09 18:33:43,214: INFO: common: yaml file: config/config.yaml loaded successfully]
[2026-03-09 18:33:43,216: INFO: common: yaml file: params.yaml loaded successfully]
[2026-03-09 18:33:43,216: INFO: common: created directory at: artifacts]
[2026-03-09 18:33:43,216: INFO: common: created directory at: artifacts/data_ingestion]
[2026-03-09 18:33:43,216: INFO: data_ingestion: Downloading data from https://drive.google.com/file/d/191ZU2KRF5oVyi3ahqZRwY-h9XgxrAlWc/view?usp=share_link into file artifacts/data_ingestion/data.zip]
[2026-03-09 18:34:46,954: INFO: data_ingestion: Downloaded data from https://drive.google.com/file/d/191ZU2KRF5oVyi3ahqZRwY-h9XgxrAlWc/view?usp=share_link into file artifacts/data_ingestion/data.zip]
[2026-03-09 18:34:57,354: INFO: main: >>>>>> stage Data Ingestion stage completed <<<<<<

x==========x]
[2026-03-09 18:34:57,355: INFO: main: *******************]
[2026-03-09 18:34:57,355: INFO: main: >>>>>> stage Prepare base model started <<<<<<]
[2026-03-09 18:34:57,356: INFO: common: yaml file: config/config.yaml loaded successfully]
[2026-03-09 18:34:57,356: INFO: common: yaml file: params.yaml loaded successfully]
[2026-03-09 18:34:57,356: INFO: common: created directory at: artifacts]
[2026-03-09 18:34:57,357: INFO: common: created directory at: artifacts/prepare_base_model]
[2026-03-09 18:34:59,073: WARNING: saving_utils: Compiled the loaded model, but the compiled metrics have yet to be built. `model.compile_metrics` will be empty until you train or evaluate the model.]
[2026-03-09 18:34:59,582: INFO: main: >>>>>> stage Prepare base model completed <<<<<<

x==========x]
[2026-03-09 18:34:59,582: INFO: main: *******************]
[2026-03-09 18:34:59,582: INFO: main: >>>>>> stage Training started <<<<<<]
[2026-03-09 18:34:59,582: INFO: common: yaml file: config/config.yaml loaded successfully]
[2026-03-09 18:34:59,583: INFO: common: yaml file: params.yaml loaded successfully]
[2026-03-09 18:34:59,583: INFO: common: created directory at: artifacts]
[2026-03-09 18:34:59,583: INFO: common: created directory at: artifacts/training]
[2026-03-09 18:35:43,467: INFO: main: >>>>>> stage Data Ingestion stage started <<<<<<]
[2026-03-09 18:35:43,468: INFO: common: yaml file: config/config.yaml loaded successfully]
[2026-03-09 18:35:43,470: INFO: common: yaml file: params.yaml loaded successfully]
[2026-03-09 18:35:43,470: INFO: common: created directory at: artifacts]
[2026-03-09 18:35:43,470: INFO: common: created directory at: artifacts/data_ingestion]
[2026-03-09 18:35:43,470: INFO: data_ingestion: Downloading data from https://drive.google.com/file/d/191ZU2KRF5oVyi3ahqZRwY-h9XgxrAlWc/view?usp=share_link into file artifacts/data_ingestion/data.zip]
[2026-03-09 18:36:46,358: INFO: data_ingestion: Downloaded data from https://drive.google.com/file/d/191ZU2KRF5oVyi3ahqZRwY-h9XgxrAlWc/view?usp=share_link into file artifacts/data_ingestion/data.zip]
[2026-03-09 18:36:59,918: INFO: main: >>>>>> stage Data Ingestion stage completed <<<<<<

x==========x]
[2026-03-09 18:36:59,918: INFO: main: *******************]
[2026-03-09 18:36:59,918: INFO: main: >>>>>> stage Prepare base model started <<<<<<]
[2026-03-09 18:36:59,920: INFO: common: yaml file: config/config.yaml loaded successfully]
[2026-03-09 18:36:59,922: INFO: common: yaml file: params.yaml loaded successfully]
[2026-03-09 18:36:59,922: INFO: common: created directory at: artifacts]
[2026-03-09 18:36:59,922: INFO: common: created directory at: artifacts/prepare_base_model]
[2026-03-09 18:37:01,871: WARNING: saving_utils: Compiled the loaded model, but the compiled metrics have yet to be built. `model.compile_metrics` will be empty until you train or evaluate the model.]
[2026-03-09 18:37:02,320: INFO: main: >>>>>> stage Prepare base model completed <<<<<<

x==========x]
[2026-03-09 18:37:02,320: INFO: main: *******************]
[2026-03-09 18:37:02,321: INFO: main: >>>>>> stage Training started <<<<<<]
[2026-03-09 18:37:02,322: INFO: common: yaml file: config/config.yaml loaded successfully]
[2026-03-09 18:37:02,323: INFO: common: yaml file: params.yaml loaded successfully]
[2026-03-09 18:37:02,323: INFO: common: created directory at: artifacts]
[2026-03-09 18:37:02,323: INFO: common: created directory at: artifacts/training]
[2026-03-09 18:46:29,122: INFO: main: >>>>>> stage Data Ingestion stage started <<<<<<]
[2026-03-09 18:46:29,123: INFO: common: yaml file: config/config.yaml loaded successfully]
[2026-03-09 18:46:29,125: INFO: common: yaml file: params.yaml loaded successfully]
[2026-03-09 18:46:29,125: INFO: common: created directory at: artifacts]
[2026-03-09 18:46:29,125: INFO: common: created directory at: artifacts/data_ingestion]
[2026-03-09 18:46:29,125: INFO: data_ingestion: Downloading data from https://drive.google.com/file/d/191ZU2KRF5oVyi3ahqZRwY-h9XgxrAlWc/view?usp=share_link into file artifacts/data_ingestion/data.zip]
[2026-03-09 18:47:30,724: INFO: data_ingestion: Downloaded data from https://drive.google.com/file/d/191ZU2KRF5oVyi3ahqZRwY-h9XgxrAlWc/view?usp=share_link into file artifacts/data_ingestion/data.zip]
[2026-03-09 18:47:44,116: INFO: main: >>>>>> stage Data Ingestion stage completed <<<<<<

x==========x]
[2026-03-09 18:47:44,116: INFO: main: *******************]
[2026-03-09 18:47:44,116: INFO: main: >>>>>> stage Prepare base model started <<<<<<]
[2026-03-09 18:47:44,118: INFO: common: yaml file: config/config.yaml loaded successfully]
[2026-03-09 18:47:44,119: INFO: common: yaml file: params.yaml loaded successfully]
[2026-03-09 18:47:44,119: INFO: common: created directory at: artifacts]
[2026-03-09 18:47:44,119: INFO: common: created directory at: artifacts/prepare_base_model]
[2026-03-09 18:47:45,940: WARNING: saving_utils: Compiled the loaded model, but the compiled metrics have yet to be built. `model.compile_metrics` will be empty until you train or evaluate the model.]
[2026-03-09 18:47:46,385: INFO: main: >>>>>> stage Prepare base model completed <<<<<<

x==========x]
[2026-03-09 18:47:46,385: INFO: main: *******************]
[2026-03-09 18:47:46,385: INFO: main: >>>>>> stage Training started <<<<<<]
[2026-03-09 18:47:46,386: INFO: common: yaml file: config/config.yaml loaded successfully]
[2026-03-09 18:47:46,387: INFO: common: yaml file: params.yaml loaded successfully]
[2026-03-09 18:47:46,387: INFO: common: created directory at: artifacts]
[2026-03-09 18:47:46,387: INFO: common: created directory at: artifacts/training]
[2026-03-09 18:51:45,045: INFO: main: >>>>>> stage Data Ingestion stage started <<<<<<]
[2026-03-09 18:51:45,046: INFO: common: yaml file: config/config.yaml loaded successfully]
[2026-03-09 18:51:45,047: INFO: common: yaml file: params.yaml loaded successfully]
[2026-03-09 18:51:45,048: INFO: common: created directory at: artifacts]
[2026-03-09 18:51:45,048: INFO: common: created directory at: artifacts/data_ingestion]
[2026-03-09 18:51:45,048: INFO: data_ingestion: Downloading data from https://drive.google.com/file/d/191ZU2KRF5oVyi3ahqZRwY-h9XgxrAlWc/view?usp=share_link into file artifacts/data_ingestion/data.zip]
[2026-03-09 18:52:48,338: INFO: data_ingestion: Downloaded data from https://drive.google.com/file/d/191ZU2KRF5oVyi3ahqZRwY-h9XgxrAlWc/view?usp=share_link into file artifacts/data_ingestion/data.zip]
[2026-03-09 18:53:02,248: INFO: main: >>>>>> stage Data Ingestion stage completed <<<<<<

x==========x]
[2026-03-09 18:53:02,249: INFO: main: *******************]
[2026-03-09 18:53:02,249: INFO: main: >>>>>> stage Prepare base model started <<<<<<]
[2026-03-09 18:53:02,251: INFO: common: yaml file: config/config.yaml loaded successfully]
[2026-03-09 18:53:02,254: INFO: common: yaml file: params.yaml loaded successfully]
[2026-03-09 18:53:02,255: INFO: common: created directory at: artifacts]
[2026-03-09 18:53:02,256: INFO: common: created directory at: artifacts/prepare_base_model]
[2026-03-09 18:53:04,532: WARNING: saving_utils: Compiled the loaded model, but the compiled metrics have yet to be built. `model.compile_metrics` will be empty until you train or evaluate the model.]
[2026-03-09 18:53:05,018: INFO: main: >>>>>> stage Prepare base model completed <<<<<<

x==========x]
[2026-03-09 18:53:05,019: INFO: main: *******************]
[2026-03-09 18:53:05,019: INFO: main: >>>>>> stage Training started <<<<<<]
[2026-03-09 18:53:05,020: INFO: common: yaml file: config/config.yaml loaded successfully]
[2026-03-09 18:53:05,021: INFO: common: yaml file: params.yaml loaded successfully]
[2026-03-09 18:53:05,021: INFO: common: created directory at: artifacts]
[2026-03-09 18:53:05,022: INFO: common: created directory at: artifacts/training]
[2026-03-09 19:03:37,098: INFO: main: >>>>>> stage Training completed <<<<<<

x==========x]
[2026-03-09 19:07:36,146: INFO: main: >>>>>> stage Data Ingestion stage started <<<<<<]
[2026-03-09 19:07:36,147: INFO: common: yaml file: config/config.yaml loaded successfully]
[2026-03-09 19:07:36,148: INFO: common: yaml file: params.yaml loaded successfully]
[2026-03-09 19:07:36,149: INFO: common: created directory at: artifacts]
[2026-03-09 19:07:36,149: INFO: common: created directory at: artifacts/data_ingestion]
[2026-03-09 19:07:36,149: INFO: data_ingestion: Downloading data from https://drive.google.com/file/d/191ZU2KRF5oVyi3ahqZRwY-h9XgxrAlWc/view?usp=share_link into file artifacts/data_ingestion/data.zip]
[2026-03-09 19:08:40,962: INFO: data_ingestion: Downloaded data from https://drive.google.com/file/d/191ZU2KRF5oVyi3ahqZRwY-h9XgxrAlWc/view?usp=share_link into file artifacts/data_ingestion/data.zip]
[2026-03-09 19:08:54,125: INFO: main: >>>>>> stage Data Ingestion stage completed <<<<<<

x==========x]
[2026-03-09 19:08:54,125: INFO: main: *******************]
[2026-03-09 19:08:54,125: INFO: main: >>>>>> stage Prepare base model started <<<<<<]
[2026-03-09 19:08:54,127: INFO: common: yaml file: config/config.yaml loaded successfully]
[2026-03-09 19:08:54,130: INFO: common: yaml file: params.yaml loaded successfully]
[2026-03-09 19:08:54,131: INFO: common: created directory at: artifacts]
[2026-03-09 19:08:54,131: INFO: common: created directory at: artifacts/prepare_base_model]
[2026-03-09 19:08:58,375: WARNING: saving_utils: Compiled the loaded model, but the compiled metrics have yet to be built. `model.compile_metrics` will be empty until you train or evaluate the model.]
[2026-03-09 19:08:58,477: WARNING: optimizer: At this time, the v2.11+ optimizer `tf.keras.optimizers.SGD` runs slowly on M1/M2 Macs, please use the legacy Keras optimizer instead, located at `tf.keras.optimizers.legacy.SGD`.]
[2026-03-09 19:08:58,557: INFO: main: >>>>>> stage Prepare base model completed <<<<<<

x==========x]
[2026-03-09 19:08:58,557: INFO: main: *******************]
[2026-03-09 19:08:58,557: INFO: main: >>>>>> stage Training started <<<<<<]
[2026-03-09 19:08:58,558: INFO: common: yaml file: config/config.yaml loaded successfully]
[2026-03-09 19:08:58,559: INFO: common: yaml file: params.yaml loaded successfully]
[2026-03-09 19:08:58,559: INFO: common: created directory at: artifacts]
[2026-03-09 19:08:58,559: INFO: common: created directory at: artifacts/training]
[2026-03-09 19:08:58,713: WARNING: optimizer: At this time, the v2.11+ optimizer `tf.keras.optimizers.SGD` runs slowly on M1/M2 Macs, please use the legacy Keras optimizer instead, located at `tf.keras.optimizers.legacy.SGD`.]
[2026-03-09 19:12:03,053: INFO: main: >>>>>> stage Training completed <<<<<<

x==========x]
